nohup: ignoring input

> frontend@0.1.0 dev
> next dev

▲ Next.js 16.1.6 (Turbopack)
- Local:         http://localhost:3000
- Network:       http://192.168.1.106:3000
- Environments: .env.local

✓ Starting...
✓ Ready in 1435ms
 GET / 200 in 3.3s (compile: 3.0s, render: 326ms)
 GET / 200 in 200ms (compile: 39ms, render: 160ms)
 GET /config 404 in 948ms (compile: 804ms, render: 144ms)
 GET /analytics 404 in 59ms (compile: 8ms, render: 51ms)
 GET /analytics 404 in 129ms (compile: 10ms, render: 119ms)
 GET /config 404 in 38ms (compile: 13ms, render: 25ms)
 GET /config 404 in 72ms (compile: 5ms, render: 67ms)
 GET /history 404 in 38ms (compile: 7ms, render: 31ms)
 GET /history 404 in 77ms (compile: 5ms, render: 73ms)
 GET / 200 in 55ms (compile: 20ms, render: 35ms)
✓ Compiled in 16ms
✓ Compiled in 1657ms
✓ Compiled in 297ms
 GET / 200 in 476ms (compile: 278ms, render: 198ms)
 GET / 200 in 469ms (compile: 386ms, render: 83ms)
✓ Compiled in 17ms
✓ Compiled in 52ms
(node:28658) [DEP0169] DeprecationWarning: `url.parse()` behavior is not standardized and prone to errors that have security implications. Use the WHATWG URL API instead. CVEs are not issued for `url.parse()` vulnerabilities.
(Use `node --trace-deprecation ...` to show where the warning was created)
 GET / 200 in 684ms (compile: 238ms, render: 446ms)
 GET / 200 in 185ms (compile: 36ms, render: 149ms)
 GET / 200 in 50ms (compile: 16ms, render: 34ms)
 GET /history 404 in 46ms (compile: 7ms, render: 39ms)
 GET /history 404 in 132ms (compile: 5ms, render: 127ms)
 GET /config 404 in 42ms (compile: 7ms, render: 35ms)
 GET /config 404 in 83ms (compile: 7ms, render: 75ms)
 GET /analytics 404 in 47ms (compile: 9ms, render: 38ms)
 GET /analytics 404 in 88ms (compile: 8ms, render: 80ms)
 GET / 200 in 39ms (compile: 9ms, render: 30ms)
 GET / 200 in 888ms (compile: 218ms, render: 670ms)
 GET / 200 in 577ms (compile: 26ms, render: 551ms)
 GET / 200 in 573ms (compile: 208ms, render: 364ms)
 GET / 200 in 578ms (compile: 117ms, render: 461ms)
 GET / 200 in 546ms (compile: 189ms, render: 357ms)
 GET / 200 in 374ms (compile: 87ms, render: 287ms)
 GET / 200 in 306ms (compile: 70ms, render: 236ms)
 GET / 200 in 313ms (compile: 66ms, render: 247ms)
 GET / 200 in 303ms (compile: 11ms, render: 292ms)
 GET / 200 in 332ms (compile: 19ms, render: 313ms)
 GET / 200 in 352ms (compile: 19ms, render: 332ms)
 GET / 200 in 354ms (compile: 75ms, render: 278ms)
 GET / 200 in 312ms (compile: 11ms, render: 301ms)
 GET / 200 in 269ms (compile: 16ms, render: 253ms)
 GET / 200 in 252ms (compile: 23ms, render: 229ms)
 GET / 200 in 235ms (compile: 23ms, render: 212ms)
 GET / 200 in 296ms (compile: 18ms, render: 278ms)
 GET / 200 in 275ms (compile: 15ms, render: 260ms)
 GET / 200 in 239ms (compile: 17ms, render: 222ms)
 GET / 200 in 203ms (compile: 12ms, render: 192ms)
 GET / 200 in 170ms (compile: 11ms, render: 159ms)
 GET / 200 in 122ms (compile: 8ms, render: 114ms)
 GET / 200 in 81ms (compile: 7ms, render: 74ms)
 GET / 200 in 43ms (compile: 8ms, render: 34ms)
 GET /history 200 in 1449ms (compile: 989ms, render: 460ms)
 GET /history 200 in 189ms (compile: 25ms, render: 164ms)
 GET / 200 in 43ms (compile: 19ms, render: 25ms)
 GET /history 200 in 39ms (compile: 6ms, render: 33ms)
 GET /config 404 in 130ms (compile: 109ms, render: 21ms)
 GET /config 404 in 85ms (compile: 4ms, render: 80ms)
 GET /history 200 in 46ms (compile: 10ms, render: 36ms)
 GET / 200 in 33ms (compile: 8ms, render: 25ms)
 GET /history 200 in 2.1s (compile: 198ms, render: 1854ms)
 GET / 200 in 2.1s (compile: 468ms, render: 1591ms)
 GET /history 200 in 1663ms (compile: 39ms, render: 1624ms)
 GET / 200 in 1660ms (compile: 353ms, render: 1307ms)
 GET / 200 in 1255ms (compile: 28ms, render: 1227ms)
 GET / 200 in 1257ms (compile: 133ms, render: 1124ms)
 GET / 200 in 1103ms (compile: 51ms, render: 1053ms)
 GET / 200 in 1099ms (compile: 171ms, render: 928ms)
 GET / 200 in 1092ms (compile: 236ms, render: 856ms)
 GET / 200 in 961ms (compile: 49ms, render: 912ms)
 GET /history 200 in 962ms (compile: 206ms, render: 756ms)
 GET / 200 in 793ms (compile: 31ms, render: 762ms)
 GET /history 200 in 782ms (compile: 111ms, render: 671ms)
 GET / 200 in 656ms (compile: 37ms, render: 619ms)
 GET /history 200 in 698ms (compile: 73ms, render: 625ms)
 GET / 200 in 583ms (compile: 28ms, render: 555ms)
 GET / 200 in 579ms (compile: 72ms, render: 507ms)
 GET / 200 in 580ms (compile: 115ms, render: 465ms)
 GET / 200 in 475ms (compile: 18ms, render: 457ms)
 GET / 200 in 457ms (compile: 18ms, render: 440ms)
 GET /history 200 in 460ms (compile: 57ms, render: 403ms)
 GET / 200 in 368ms (compile: 18ms, render: 350ms)
 GET /history 200 in 528ms (compile: 102ms, render: 427ms)
 GET / 200 in 423ms (compile: 22ms, render: 401ms)
 GET /history 200 in 356ms (compile: 16ms, render: 340ms)
 GET / 200 in 423ms (compile: 22ms, render: 401ms)
 GET /history 200 in 422ms (compile: 98ms, render: 324ms)
 GET / 200 in 254ms (compile: 16ms, render: 238ms)
 GET /history 200 in 198ms (compile: 19ms, render: 180ms)
 GET / 200 in 123ms (compile: 17ms, render: 106ms)
 GET /config 200 in 2.4s (compile: 1828ms, render: 557ms)
 GET /config 200 in 283ms (compile: 16ms, render: 266ms)
 GET /history 200 in 22ms (compile: 3ms, render: 19ms)
 GET /config 200 in 22ms (compile: 3ms, render: 19ms)
✓ Compiled in 46ms
✓ Compiled in 26ms
 GET / 200 in 664ms (compile: 213ms, render: 451ms)
 GET /config 200 in 488ms (compile: 129ms, render: 359ms)
 GET / 200 in 490ms (compile: 186ms, render: 304ms)
 GET / 200 in 317ms (compile: 43ms, render: 275ms)
 GET / 200 in 286ms (compile: 46ms, render: 239ms)
 GET / 200 in 252ms (compile: 41ms, render: 212ms)
 GET /config 200 in 225ms (compile: 50ms, render: 175ms)
 GET /config 200 in 149ms (compile: 11ms, render: 138ms)
 GET / 200 in 154ms (compile: 74ms, render: 80ms)
 GET /config 200 in 727ms (compile: 182ms, render: 545ms)
 GET / 200 in 485ms (compile: 31ms, render: 453ms)
 GET / 200 in 432ms (compile: 19ms, render: 414ms)
 GET / 200 in 434ms (compile: 55ms, render: 379ms)
 GET / 200 in 435ms (compile: 90ms, render: 345ms)
 GET /config 200 in 435ms (compile: 119ms, render: 317ms)
 GET / 200 in 339ms (compile: 19ms, render: 320ms)
 GET / 200 in 340ms (compile: 56ms, render: 284ms)
 GET / 200 in 375ms (compile: 92ms, render: 283ms)
 GET / 200 in 370ms (compile: 124ms, render: 246ms)
 GET /config 200 in 344ms (compile: 44ms, render: 300ms)
 GET / 200 in 385ms (compile: 10ms, render: 375ms)
 GET /config 200 in 459ms (compile: 21ms, render: 438ms)
 GET / 200 in 448ms (compile: 65ms, render: 382ms)
 GET / 200 in 359ms (compile: 20ms, render: 338ms)
 GET / 200 in 358ms (compile: 50ms, render: 308ms)
 GET / 200 in 361ms (compile: 90ms, render: 270ms)
 GET /config 200 in 360ms (compile: 116ms, render: 244ms)
 GET / 200 in 323ms (compile: 76ms, render: 248ms)
 GET / 200 in 323ms (compile: 99ms, render: 224ms)
 GET / 200 in 302ms (compile: 67ms, render: 235ms)
 GET / 200 in 302ms (compile: 90ms, render: 211ms)
 GET /config 200 in 225ms (compile: 6ms, render: 219ms)
 GET / 200 in 222ms (compile: 8ms, render: 214ms)
 GET /config 200 in 244ms (compile: 13ms, render: 231ms)
 GET / 200 in 237ms (compile: 48ms, render: 190ms)
 GET /config 200 in 185ms (compile: 6ms, render: 179ms)
 GET / 200 in 210ms (compile: 40ms, render: 170ms)
 GET /config 200 in 179ms (compile: 6ms, render: 173ms)
 GET / 200 in 215ms (compile: 44ms, render: 171ms)
 GET /config 200 in 200ms (compile: 6ms, render: 194ms)
 GET / 200 in 199ms (compile: 36ms, render: 163ms)
 GET /config 200 in 137ms (compile: 6ms, render: 131ms)
 GET / 200 in 136ms (compile: 35ms, render: 101ms)
 GET /config 200 in 65ms (compile: 6ms, render: 60ms)
 GET / 200 in 65ms (compile: 31ms, render: 34ms)
 GET /analytics 200 in 292ms (compile: 274ms, render: 18ms)
 GET /analytics 200 in 291ms (compile: 23ms, render: 268ms)
 GET / 200 in 772ms (compile: 18ms, render: 754ms)
 GET /analytics 200 in 329ms (compile: 20ms, render: 309ms)
 GET /analytics 200 in 183ms (compile: 8ms, render: 175ms)
 GET /config 200 in 155ms (compile: 18ms, render: 137ms)
 GET /analytics 200 in 19ms (compile: 3ms, render: 16ms)
 GET /config 200 in 21ms (compile: 3ms, render: 18ms)
 GET /history 200 in 119ms (compile: 82ms, render: 38ms)
 GET / 200 in 30ms (compile: 9ms, render: 22ms)
 GET /config 200 in 41ms (compile: 6ms, render: 36ms)
 GET / 200 in 37ms (compile: 7ms, render: 29ms)
 GET / 200 in 76ms (compile: 17ms, render: 58ms)
 GET /analytics 200 in 86ms (compile: 13ms, render: 73ms)
 GET /history 200 in 28ms (compile: 4ms, render: 25ms)
 GET /config 200 in 45ms (compile: 10ms, render: 35ms)
 GET /config 200 in 48ms (compile: 9ms, render: 39ms)
 GET /history 200 in 41ms (compile: 8ms, render: 33ms)
 GET /config 200 in 46ms (compile: 8ms, render: 38ms)
 GET / 200 in 73ms (compile: 18ms, render: 55ms)
 GET /analytics 200 in 34ms (compile: 6ms, render: 28ms)
 GET /config 200 in 42ms (compile: 8ms, render: 35ms)
 GET /history 200 in 45ms (compile: 10ms, render: 35ms)
 GET / 200 in 35ms (compile: 7ms, render: 28ms)
 GET /config 200 in 24ms (compile: 4ms, render: 19ms)
 GET /analytics 200 in 31ms (compile: 3ms, render: 27ms)
 GET / 200 in 30ms (compile: 8ms, render: 22ms)
✓ Compiled in 31ms
 GET / 200 in 385ms (compile: 132ms, render: 253ms)
 GET / 200 in 343ms (compile: 64ms, render: 279ms)
 GET / 200 in 113ms (compile: 33ms, render: 80ms)
 GET / 200 in 73ms (compile: 11ms, render: 61ms)
 GET / 200 in 95ms (compile: 10ms, render: 86ms)
 GET / 200 in 87ms (compile: 13ms, render: 74ms)
 GET / 200 in 70ms (compile: 15ms, render: 55ms)
 GET / 200 in 64ms (compile: 8ms, render: 56ms)
 GET / 200 in 72ms (compile: 11ms, render: 60ms)
 GET / 200 in 68ms (compile: 7ms, render: 61ms)
 GET / 200 in 75ms (compile: 13ms, render: 61ms)
 GET / 200 in 72ms (compile: 7ms, render: 65ms)
 GET / 200 in 68ms (compile: 8ms, render: 60ms)
 GET / 200 in 147ms (compile: 22ms, render: 125ms)
 GET / 200 in 63ms (compile: 7ms, render: 57ms)
 GET / 200 in 153ms (compile: 9ms, render: 144ms)
 GET /history 200 in 28ms (compile: 4ms, render: 24ms)
 GET /config 200 in 32ms (compile: 4ms, render: 28ms)
 GET /analytics 200 in 29ms (compile: 5ms, render: 23ms)
 GET / 200 in 35ms (compile: 9ms, render: 26ms)
 GET / 200 in 60ms (compile: 8ms, render: 53ms)
 GET / 200 in 57ms (compile: 8ms, render: 48ms)
