nohup: ignoring input

> backend@1.0.0 dev
> ts-node-dev --respawn --transpile-only src/server.ts

[INFO] 17:38:50 ts-node-dev ver. 2.0.0 (using ts-node ver. 10.9.2, typescript ver. 5.9.3)
[dotenv@17.3.1] injecting env (7) from .env -- tip: 🔐 prevent building .env in docker: https://dotenvx.com/prebuild
[dotenv@17.3.1] injecting env (0) from .env -- tip: ⚙️  write to custom object with { processEnv: myObject }
🌐 WebSocket server initialized
✅ Connected to PostgreSQL
✅ Database connected at: 2026-03-14T11:38:51.279Z

🚦 Traffic Signal Simulation Server
   REST API:   http://localhost:3001/api
   WebSocket:  ws://localhost:3001
   Health:     http://localhost:3001/api/health

🔌 Client connected: 4jmlRQHFkBkJMu4wAAAB
🔌 Client connected: hnCraxkcUM_yHvLJAAAD
✅ Connected to PostgreSQL
🚦 Simulation engine initialized with 4 signals
▶️  Simulation started
✅ Connected to PostgreSQL
✅ Connected to PostgreSQL
✅ Connected to PostgreSQL
✅ Connected to PostgreSQL
✅ Connected to PostgreSQL
✅ Connected to PostgreSQL
✅ Connected to PostgreSQL
✅ Connected to PostgreSQL
✅ Connected to PostgreSQL
✅ Connected to PostgreSQL
✅ Connected to PostgreSQL
🔄 Mode changed to: ADAPTIVE
✅ Connected to PostgreSQL
✅ Connected to PostgreSQL
✅ Connected to PostgreSQL
✅ Connected to PostgreSQL
✅ Connected to PostgreSQL
✅ Connected to PostgreSQL
✅ Connected to PostgreSQL
✅ Connected to PostgreSQL
✅ Connected to PostgreSQL
✅ Connected to PostgreSQL
✅ Connected to PostgreSQL
✅ Connected to PostgreSQL
✅ Connected to PostgreSQL
✅ Connected to PostgreSQL
✅ Connected to PostgreSQL
✅ Connected to PostgreSQL
🔌 Client disconnected: 4jmlRQHFkBkJMu4wAAAB
🔌 Client connected: 65Smic6mUTMywhufAAAF
✅ Connected to PostgreSQL
✅ Connected to PostgreSQL
✅ Connected to PostgreSQL
✅ Connected to PostgreSQL
✅ Connected to PostgreSQL
✅ Connected to PostgreSQL
✅ Connected to PostgreSQL
✅ Connected to PostgreSQL
✅ Connected to PostgreSQL
✅ Connected to PostgreSQL
✅ Connected to PostgreSQL
✅ Connected to PostgreSQL
✅ Connected to PostgreSQL
✅ Connected to PostgreSQL
✅ Connected to PostgreSQL
✅ Connected to PostgreSQL
🔌 Client connected: dLF0br77tWhx3r9WAAAH
🔌 Client connected: pglyEeflXufaWnOiAAAJ
✅ Connected to PostgreSQL
✅ Connected to PostgreSQL
✅ Connected to PostgreSQL
✅ Connected to PostgreSQL
🔌 Client connected: EADYLy4GBXxVtMTKAAAL
🔌 Client connected: yNqRr8HG2T4KE6qzAAAN
⏹️  Simulation stopped
✅ Connected to PostgreSQL
🚦 Simulation engine initialized with 4 signals
▶️  Simulation started
✅ Connected to PostgreSQL
✅ Connected to PostgreSQL
✅ Connected to PostgreSQL
✅ Connected to PostgreSQL
✅ Connected to PostgreSQL
✅ Connected to PostgreSQL
✅ Connected to PostgreSQL
✅ Connected to PostgreSQL
✅ Connected to PostgreSQL
✅ Connected to PostgreSQL
✅ Connected to PostgreSQL
✅ Connected to PostgreSQL
✅ Connected to PostgreSQL
🔌 Client disconnected: dLF0br77tWhx3r9WAAAH
🔌 Client disconnected: 65Smic6mUTMywhufAAAF
🔌 Client connected: 6Q5uz9EQbfBSGc4tAAAP
✅ Connected to PostgreSQL
✅ Connected to PostgreSQL
✅ Connected to PostgreSQL
✅ Connected to PostgreSQL
✅ Connected to PostgreSQL
✅ Connected to PostgreSQL
✅ Connected to PostgreSQL
✅ Connected to PostgreSQL
✅ Connected to PostgreSQL
✅ Connected to PostgreSQL
✅ Connected to PostgreSQL
✅ Connected to PostgreSQL
✅ Connected to PostgreSQL
✅ Connected to PostgreSQL
🔌 Client disconnected: yNqRr8HG2T4KE6qzAAAN
✅ Connected to PostgreSQL
✅ Connected to PostgreSQL
✅ Connected to PostgreSQL
✅ Connected to PostgreSQL
✅ Connected to PostgreSQL
✅ Connected to PostgreSQL
✅ Connected to PostgreSQL
✅ Connected to PostgreSQL
✅ Connected to PostgreSQL
✅ Connected to PostgreSQL
✅ Connected to PostgreSQL
✅ Connected to PostgreSQL
✅ Connected to PostgreSQL
✅ Connected to PostgreSQL
🔄 Mode changed to: MANUAL
🔄 Mode changed to: ADAPTIVE
✅ Connected to PostgreSQL
✅ Connected to PostgreSQL
✅ Connected to PostgreSQL
✅ Connected to PostgreSQL
🔌 Client disconnected: 6Q5uz9EQbfBSGc4tAAAP
🔌 Client connected: UKuxwWSAE5V_1zNrAAAR
✅ Connected to PostgreSQL
✅ Connected to PostgreSQL
✅ Connected to PostgreSQL
✅ Connected to PostgreSQL
✅ Connected to PostgreSQL
✅ Connected to PostgreSQL
✅ Connected to PostgreSQL
✅ Connected to PostgreSQL
✅ Connected to PostgreSQL
✅ Connected to PostgreSQL
✅ Connected to PostgreSQL
✅ Connected to PostgreSQL
✅ Connected to PostgreSQL
✅ Connected to PostgreSQL
✅ Connected to PostgreSQL
✅ Connected to PostgreSQL
✅ Connected to PostgreSQL
✅ Connected to PostgreSQL
✅ Connected to PostgreSQL
✅ Connected to PostgreSQL
✅ Connected to PostgreSQL
✅ Connected to PostgreSQL
✅ Connected to PostgreSQL
✅ Connected to PostgreSQL
✅ Connected to PostgreSQL
✅ Connected to PostgreSQL
✅ Connected to PostgreSQL
✅ Connected to PostgreSQL
✅ Connected to PostgreSQL
✅ Connected to PostgreSQL
✅ Connected to PostgreSQL
[INFO] 18:07:03 Restarting: /home/gravirei/Documents/Projects/3rd_year_project/backend/src/models/queueHistory.model.ts has been modified
[dotenv@17.3.1] injecting env (7) from .env -- tip: 🛠️  run anywhere with `dotenvx run -- yourcommand`
[dotenv@17.3.1] injecting env (0) from .env -- tip: 🔐 encrypt with Dotenvx: https://dotenvx.com
🌐 WebSocket server initialized
✅ Connected to PostgreSQL
✅ Database connected at: 2026-03-14T12:07:04.454Z

🚦 Traffic Signal Simulation Server
   REST API:   http://localhost:3001/api
   WebSocket:  ws://localhost:3001
   Health:     http://localhost:3001/api/health

🔌 Client connected: qx2NiW3jYPpjd6v6AAAB
🔌 Client connected: j_wC5zCwSPKD_HQJAAAD
🔌 Client connected: jVWkOzgqCdBObxApAAAF
🔌 Client connected: iN74Z0db0NzXqe8mAAAH
[INFO] 18:07:18 Restarting: /home/gravirei/Documents/Projects/3rd_year_project/backend/src/app.ts has been modified
[dotenv@17.3.1] injecting env (7) from .env -- tip: ⚙️  suppress all logs with { quiet: true }
[dotenv@17.3.1] injecting env (0) from .env -- tip: ⚙️  write to custom object with { processEnv: myObject }
🌐 WebSocket server initialized
✅ Connected to PostgreSQL
✅ Database connected at: 2026-03-14T12:07:18.711Z

🚦 Traffic Signal Simulation Server
   REST API:   http://localhost:3001/api
   WebSocket:  ws://localhost:3001
   Health:     http://localhost:3001/api/health

🔌 Client connected: d2B5SN_uk1U3InrqAAAB
🔌 Client connected: sYexwgki3kWLMctCAAAD
🔌 Client connected: RVxp1nLDeZ4xsWq4AAAF
🔌 Client connected: QFW548HePE5X4I0mAAAH
✅ Connected to PostgreSQL
✅ Connected to PostgreSQL
✅ Connected to PostgreSQL
🔌 Client connected: FCfXvIsrwQzIzx2bAAAJ
🔌 Client connected: hAGp6M4cAyTSasLmAAAL
🔌 Client disconnected: hAGp6M4cAyTSasLmAAAL
✅ Connected to PostgreSQL
✅ Connected to PostgreSQL
✅ Connected to PostgreSQL
🚦 Simulation engine initialized with 4 signals
▶️  Simulation started
✅ Connected to PostgreSQL
✅ Connected to PostgreSQL
✅ Connected to PostgreSQL
✅ Connected to PostgreSQL
✅ Connected to PostgreSQL
✅ Connected to PostgreSQL
✅ Connected to PostgreSQL
✅ Connected to PostgreSQL
✅ Connected to PostgreSQL
✅ Connected to PostgreSQL
⏹️  Simulation stopped
🚦 Simulation engine initialized with 4 signals
↺  Simulation reset
🚦 Simulation engine initialized with 4 signals
▶️  Simulation started
✅ Connected to PostgreSQL
✅ Connected to PostgreSQL
✅ Connected to PostgreSQL
✅ Connected to PostgreSQL
✅ Connected to PostgreSQL
✅ Connected to PostgreSQL
✅ Connected to PostgreSQL
✅ Connected to PostgreSQL
🔌 Client connected: DuyHtHQuKGYLd5tEAAAN
✅ Connected to PostgreSQL
✅ Connected to PostgreSQL
✅ Connected to PostgreSQL
✅ Connected to PostgreSQL
✅ Connected to PostgreSQL
✅ Connected to PostgreSQL
✅ Connected to PostgreSQL
✅ Connected to PostgreSQL
✅ Connected to PostgreSQL
✅ Connected to PostgreSQL
✅ Connected to PostgreSQL
✅ Connected to PostgreSQL
✅ Connected to PostgreSQL
✅ Connected to PostgreSQL
✅ Connected to PostgreSQL
✅ Connected to PostgreSQL
✅ Connected to PostgreSQL
✅ Connected to PostgreSQL
✅ Connected to PostgreSQL
✅ Connected to PostgreSQL
✅ Connected to PostgreSQL
✅ Connected to PostgreSQL
✅ Connected to PostgreSQL
✅ Connected to PostgreSQL
✅ Connected to PostgreSQL
✅ Connected to PostgreSQL
✅ Connected to PostgreSQL
✅ Connected to PostgreSQL
✅ Connected to PostgreSQL
✅ Connected to PostgreSQL
✅ Connected to PostgreSQL
✅ Connected to PostgreSQL
✅ Connected to PostgreSQL
✅ Connected to PostgreSQL
✅ Connected to PostgreSQL
✅ Connected to PostgreSQL
✅ Connected to PostgreSQL
✅ Connected to PostgreSQL
✅ Connected to PostgreSQL
✅ Connected to PostgreSQL
✅ Connected to PostgreSQL
✅ Connected to PostgreSQL
✅ Connected to PostgreSQL
✅ Connected to PostgreSQL
✅ Connected to PostgreSQL
✅ Connected to PostgreSQL
✅ Connected to PostgreSQL
✅ Connected to PostgreSQL
✅ Connected to PostgreSQL
✅ Connected to PostgreSQL
✅ Connected to PostgreSQL
✅ Connected to PostgreSQL
✅ Connected to PostgreSQL
✅ Connected to PostgreSQL
✅ Connected to PostgreSQL
✅ Connected to PostgreSQL
✅ Connected to PostgreSQL
✅ Connected to PostgreSQL
✅ Connected to PostgreSQL
✅ Connected to PostgreSQL
✅ Connected to PostgreSQL
✅ Connected to PostgreSQL
✅ Connected to PostgreSQL
✅ Connected to PostgreSQL
✅ Connected to PostgreSQL
✅ Connected to PostgreSQL
✅ Connected to PostgreSQL
✅ Connected to PostgreSQL
✅ Connected to PostgreSQL
✅ Connected to PostgreSQL
✅ Connected to PostgreSQL
✅ Connected to PostgreSQL
✅ Connected to PostgreSQL
✅ Connected to PostgreSQL
✅ Connected to PostgreSQL
✅ Connected to PostgreSQL
✅ Connected to PostgreSQL
✅ Connected to PostgreSQL
✅ Connected to PostgreSQL
✅ Connected to PostgreSQL
✅ Connected to PostgreSQL
✅ Connected to PostgreSQL
✅ Connected to PostgreSQL
✅ Connected to PostgreSQL
✅ Connected to PostgreSQL
✅ Connected to PostgreSQL
✅ Connected to PostgreSQL
✅ Connected to PostgreSQL
✅ Connected to PostgreSQL
✅ Connected to PostgreSQL
✅ Connected to PostgreSQL
✅ Connected to PostgreSQL
✅ Connected to PostgreSQL
✅ Connected to PostgreSQL
✅ Connected to PostgreSQL
✅ Connected to PostgreSQL
🔄 Mode changed to: ADAPTIVE
✅ Connected to PostgreSQL
✅ Connected to PostgreSQL
✅ Connected to PostgreSQL
✅ Connected to PostgreSQL
✅ Connected to PostgreSQL
✅ Connected to PostgreSQL
✅ Connected to PostgreSQL
✅ Connected to PostgreSQL
✅ Connected to PostgreSQL
✅ Connected to PostgreSQL
✅ Connected to PostgreSQL
✅ Connected to PostgreSQL
✅ Connected to PostgreSQL
✅ Connected to PostgreSQL
✅ Connected to PostgreSQL
✅ Connected to PostgreSQL
✅ Connected to PostgreSQL
✅ Connected to PostgreSQL
✅ Connected to PostgreSQL
✅ Connected to PostgreSQL
✅ Connected to PostgreSQL
✅ Connected to PostgreSQL
✅ Connected to PostgreSQL
✅ Connected to PostgreSQL
✅ Connected to PostgreSQL
✅ Connected to PostgreSQL
✅ Connected to PostgreSQL
✅ Connected to PostgreSQL
✅ Connected to PostgreSQL
✅ Connected to PostgreSQL
✅ Connected to PostgreSQL
✅ Connected to PostgreSQL
✅ Connected to PostgreSQL
✅ Connected to PostgreSQL
✅ Connected to PostgreSQL
✅ Connected to PostgreSQL
✅ Connected to PostgreSQL
✅ Connected to PostgreSQL
✅ Connected to PostgreSQL
✅ Connected to PostgreSQL
✅ Connected to PostgreSQL
✅ Connected to PostgreSQL
✅ Connected to PostgreSQL
✅ Connected to PostgreSQL
[INFO] 18:33:49 Restarting: /home/gravirei/Documents/Projects/3rd_year_project/backend/src/engine/simulationEngine.ts has been modified
[dotenv@17.3.1] injecting env (7) from .env -- tip: 🔐 encrypt with Dotenvx: https://dotenvx.com
[dotenv@17.3.1] injecting env (0) from .env -- tip: 🔐 encrypt with Dotenvx: https://dotenvx.com
🌐 WebSocket server initialized
✅ Connected to PostgreSQL
✅ Database connected at: 2026-03-14T12:33:49.924Z

🚦 Traffic Signal Simulation Server
   REST API:   http://localhost:3001/api
   WebSocket:  ws://localhost:3001
   Health:     http://localhost:3001/api/health

🔌 Client connected: 48RtlFeaQP4KLe4kAAAB
🔌 Client connected: O1GyS0PhmWJd9KUkAAAE
🔌 Client connected: qXVZ50i-tjStmBZGAAAF
🔌 Client connected: Dz2ZJrGmtSkskvcEAAAH
🔌 Client connected: FLWCRoRN8bp2TWrAAAAJ
🔌 Client connected: 4Qk41WJ9WK5mUshNAAAL
🔌 Client connected: v9YcLJOUSx9Dnd-kAAAN
🔌 Client connected: hfTj8lzFKf_6dSOdAAAP
🔌 Client disconnected: 48RtlFeaQP4KLe4kAAAB
🔌 Client disconnected: O1GyS0PhmWJd9KUkAAAE
🔌 Client disconnected: qXVZ50i-tjStmBZGAAAF
✅ Connected to PostgreSQL
🚦 Simulation engine initialized with 4 signals
▶️  Simulation started
✅ Connected to PostgreSQL
✅ Connected to PostgreSQL
✅ Connected to PostgreSQL
🔌 Client disconnected: 4Qk41WJ9WK5mUshNAAAL
✅ Connected to PostgreSQL
✅ Connected to PostgreSQL
✅ Connected to PostgreSQL
✅ Connected to PostgreSQL
🔌 Client connected: mwJ1Wex5zSL9oLKIAAAR
✅ Connected to PostgreSQL
✅ Connected to PostgreSQL
✅ Connected to PostgreSQL
✅ Connected to PostgreSQL
✅ Connected to PostgreSQL
✅ Connected to PostgreSQL
✅ Connected to PostgreSQL
✅ Connected to PostgreSQL
✅ Connected to PostgreSQL
✅ Connected to PostgreSQL
✅ Connected to PostgreSQL
✅ Connected to PostgreSQL
⏹️  Simulation stopped
✅ Connected to PostgreSQL
🚦 Simulation engine initialized with 4 signals
▶️  Simulation started
✅ Connected to PostgreSQL
✅ Connected to PostgreSQL
✅ Connected to PostgreSQL
✅ Connected to PostgreSQL
✅ Connected to PostgreSQL
✅ Connected to PostgreSQL
✅ Connected to PostgreSQL
✅ Connected to PostgreSQL
✅ Connected to PostgreSQL
✅ Connected to PostgreSQL
✅ Connected to PostgreSQL
✅ Connected to PostgreSQL
✅ Connected to PostgreSQL
✅ Connected to PostgreSQL
✅ Connected to PostgreSQL
✅ Connected to PostgreSQL
✅ Connected to PostgreSQL
✅ Connected to PostgreSQL
✅ Connected to PostgreSQL
🔌 Client disconnected: hfTj8lzFKf_6dSOdAAAP
🔌 Client connected: MZhznTS_u7wmfNlqAAAT
✅ Connected to PostgreSQL
✅ Connected to PostgreSQL
✅ Connected to PostgreSQL
✅ Connected to PostgreSQL
🔌 Client disconnected: MZhznTS_u7wmfNlqAAAT
🔌 Client connected: I3zmK9JfkDjSRX1CAAAV
🔌 Client disconnected: I3zmK9JfkDjSRX1CAAAV
🔌 Client connected: EnJaQAtj8h-QNgApAAAX
✅ Connected to PostgreSQL
✅ Connected to PostgreSQL
✅ Connected to PostgreSQL
✅ Connected to PostgreSQL
✅ Connected to PostgreSQL
✅ Connected to PostgreSQL
✅ Connected to PostgreSQL
✅ Connected to PostgreSQL
🔌 Client disconnected: EnJaQAtj8h-QNgApAAAX
🔌 Client connected: pwTrm0PNw6dV09axAAAZ
🔌 Client disconnected: pwTrm0PNw6dV09axAAAZ
🔌 Client connected: cDUj8Icpz2uRbb0HAAAb
🔌 Client disconnected: cDUj8Icpz2uRbb0HAAAb
🔌 Client connected: rnhSJp5a0RVGxPVaAAAd
🔌 Client disconnected: rnhSJp5a0RVGxPVaAAAd
🔌 Client connected: KpCJG_wyye6PCxylAAAf
✅ Connected to PostgreSQL
✅ Connected to PostgreSQL
✅ Connected to PostgreSQL
✅ Connected to PostgreSQL
🔌 Client disconnected: mwJ1Wex5zSL9oLKIAAAR
🔌 Client connected: snoXPbe76UkuBaX9AAAh
🔌 Client disconnected: KpCJG_wyye6PCxylAAAf
🔌 Client connected: sjOp7Rtfdow17gtzAAAj
✅ Connected to PostgreSQL
✅ Connected to PostgreSQL
✅ Connected to PostgreSQL
✅ Connected to PostgreSQL
🔌 Client disconnected: sjOp7Rtfdow17gtzAAAj
🔌 Client connected: ghYv_9jMgZwM31sRAAAl
🔌 Client disconnected: ghYv_9jMgZwM31sRAAAl
🔌 Client connected: P9iuVd7vhXXr4c76AAAn
🔌 Client disconnected: snoXPbe76UkuBaX9AAAh
🔌 Client connected: 5ZITMODZwpdGbb52AAAp
✅ Connected to PostgreSQL
✅ Connected to PostgreSQL
✅ Connected to PostgreSQL
✅ Connected to PostgreSQL
✅ Connected to PostgreSQL
✅ Connected to PostgreSQL
✅ Connected to PostgreSQL
✅ Connected to PostgreSQL
🔌 Client disconnected: P9iuVd7vhXXr4c76AAAn
🔌 Client connected: dTL_aDC04buHIC2sAAAr
✅ Connected to PostgreSQL
✅ Connected to PostgreSQL
✅ Connected to PostgreSQL
✅ Connected to PostgreSQL
✅ Connected to PostgreSQL
✅ Connected to PostgreSQL
✅ Connected to PostgreSQL
✅ Connected to PostgreSQL
🔌 Client disconnected: 5ZITMODZwpdGbb52AAAp
🔌 Client connected: AoB1kx4YK7IXiz2vAAAt
✅ Connected to PostgreSQL
✅ Connected to PostgreSQL
✅ Connected to PostgreSQL
✅ Connected to PostgreSQL
⏹️  Simulation stopped
🚦 Simulation engine initialized with 4 signals
↺  Simulation reset
🚦 Simulation engine initialized with 4 signals
▶️  Simulation started
🔌 Client disconnected: AoB1kx4YK7IXiz2vAAAt
🔌 Client connected: ZVNhhEyC6RrrZ5L3AAAv
✅ Connected to PostgreSQL
✅ Connected to PostgreSQL
✅ Connected to PostgreSQL
✅ Connected to PostgreSQL
✅ Connected to PostgreSQL
✅ Connected to PostgreSQL
✅ Connected to PostgreSQL
✅ Connected to PostgreSQL
✅ Connected to PostgreSQL
✅ Connected to PostgreSQL
✅ Connected to PostgreSQL
✅ Connected to PostgreSQL
✅ Connected to PostgreSQL
✅ Connected to PostgreSQL
✅ Connected to PostgreSQL
✅ Connected to PostgreSQL
🔌 Client connected: QM3CiclHuD0V4yxzAAAx
✅ Connected to PostgreSQL
✅ Connected to PostgreSQL
✅ Connected to PostgreSQL
✅ Connected to PostgreSQL
🔌 Client disconnected: QM3CiclHuD0V4yxzAAAx
✅ Connected to PostgreSQL
✅ Connected to PostgreSQL
✅ Connected to PostgreSQL
✅ Connected to PostgreSQL
✅ Connected to PostgreSQL
✅ Connected to PostgreSQL
✅ Connected to PostgreSQL
✅ Connected to PostgreSQL
✅ Connected to PostgreSQL
✅ Connected to PostgreSQL
✅ Connected to PostgreSQL
✅ Connected to PostgreSQL
🔌 Client disconnected: ZVNhhEyC6RrrZ5L3AAAv
✅ Connected to PostgreSQL
✅ Connected to PostgreSQL
✅ Connected to PostgreSQL
✅ Connected to PostgreSQL
✅ Connected to PostgreSQL
✅ Connected to PostgreSQL
✅ Connected to PostgreSQL
✅ Connected to PostgreSQL
✅ Connected to PostgreSQL
✅ Connected to PostgreSQL
✅ Connected to PostgreSQL
✅ Connected to PostgreSQL
✅ Connected to PostgreSQL
✅ Connected to PostgreSQL
✅ Connected to PostgreSQL
✅ Connected to PostgreSQL
✅ Connected to PostgreSQL
✅ Connected to PostgreSQL
✅ Connected to PostgreSQL
✅ Connected to PostgreSQL
✅ Connected to PostgreSQL
✅ Connected to PostgreSQL
✅ Connected to PostgreSQL
✅ Connected to PostgreSQL
✅ Connected to PostgreSQL
✅ Connected to PostgreSQL
✅ Connected to PostgreSQL
✅ Connected to PostgreSQL
✅ Connected to PostgreSQL
✅ Connected to PostgreSQL
✅ Connected to PostgreSQL
✅ Connected to PostgreSQL
✅ Connected to PostgreSQL
✅ Connected to PostgreSQL
✅ Connected to PostgreSQL
✅ Connected to PostgreSQL
✅ Connected to PostgreSQL
✅ Connected to PostgreSQL
✅ Connected to PostgreSQL
✅ Connected to PostgreSQL
✅ Connected to PostgreSQL
✅ Connected to PostgreSQL
✅ Connected to PostgreSQL
✅ Connected to PostgreSQL
✅ Connected to PostgreSQL
✅ Connected to PostgreSQL
✅ Connected to PostgreSQL
✅ Connected to PostgreSQL
✅ Connected to PostgreSQL
✅ Connected to PostgreSQL
✅ Connected to PostgreSQL
✅ Connected to PostgreSQL
✅ Connected to PostgreSQL
✅ Connected to PostgreSQL
✅ Connected to PostgreSQL
✅ Connected to PostgreSQL
✅ Connected to PostgreSQL
✅ Connected to PostgreSQL
✅ Connected to PostgreSQL
✅ Connected to PostgreSQL
✅ Connected to PostgreSQL
✅ Connected to PostgreSQL
✅ Connected to PostgreSQL
✅ Connected to PostgreSQL
✅ Connected to PostgreSQL
✅ Connected to PostgreSQL
✅ Connected to PostgreSQL
✅ Connected to PostgreSQL
✅ Connected to PostgreSQL
✅ Connected to PostgreSQL
✅ Connected to PostgreSQL
✅ Connected to PostgreSQL
✅ Connected to PostgreSQL
✅ Connected to PostgreSQL
✅ Connected to PostgreSQL
✅ Connected to PostgreSQL
✅ Connected to PostgreSQL
✅ Connected to PostgreSQL
✅ Connected to PostgreSQL
✅ Connected to PostgreSQL
✅ Connected to PostgreSQL
✅ Connected to PostgreSQL
✅ Connected to PostgreSQL
✅ Connected to PostgreSQL
✅ Connected to PostgreSQL
✅ Connected to PostgreSQL
✅ Connected to PostgreSQL
✅ Connected to PostgreSQL
✅ Connected to PostgreSQL
✅ Connected to PostgreSQL
✅ Connected to PostgreSQL
✅ Connected to PostgreSQL
✅ Connected to PostgreSQL
✅ Connected to PostgreSQL
✅ Connected to PostgreSQL
✅ Connected to PostgreSQL
✅ Connected to PostgreSQL
✅ Connected to PostgreSQL
✅ Connected to PostgreSQL
✅ Connected to PostgreSQL
✅ Connected to PostgreSQL
✅ Connected to PostgreSQL
✅ Connected to PostgreSQL
✅ Connected to PostgreSQL
✅ Connected to PostgreSQL
✅ Connected to PostgreSQL
✅ Connected to PostgreSQL
✅ Connected to PostgreSQL
✅ Connected to PostgreSQL
✅ Connected to PostgreSQL
✅ Connected to PostgreSQL
✅ Connected to PostgreSQL
✅ Connected to PostgreSQL
✅ Connected to PostgreSQL
✅ Connected to PostgreSQL
✅ Connected to PostgreSQL
✅ Connected to PostgreSQL
✅ Connected to PostgreSQL
✅ Connected to PostgreSQL
✅ Connected to PostgreSQL
🔌 Client disconnected: dTL_aDC04buHIC2sAAAr
✅ Connected to PostgreSQL
✅ Connected to PostgreSQL
✅ Connected to PostgreSQL
✅ Connected to PostgreSQL
✅ Connected to PostgreSQL
✅ Connected to PostgreSQL
✅ Connected to PostgreSQL
✅ Connected to PostgreSQL
✅ Connected to PostgreSQL
✅ Connected to PostgreSQL
✅ Connected to PostgreSQL
✅ Connected to PostgreSQL
✅ Connected to PostgreSQL
✅ Connected to PostgreSQL
✅ Connected to PostgreSQL
✅ Connected to PostgreSQL
✅ Connected to PostgreSQL
✅ Connected to PostgreSQL
✅ Connected to PostgreSQL
✅ Connected to PostgreSQL
✅ Connected to PostgreSQL
✅ Connected to PostgreSQL
✅ Connected to PostgreSQL
✅ Connected to PostgreSQL
✅ Connected to PostgreSQL
✅ Connected to PostgreSQL
✅ Connected to PostgreSQL
✅ Connected to PostgreSQL
✅ Connected to PostgreSQL
✅ Connected to PostgreSQL
✅ Connected to PostgreSQL
✅ Connected to PostgreSQL
✅ Connected to PostgreSQL
✅ Connected to PostgreSQL
✅ Connected to PostgreSQL
✅ Connected to PostgreSQL
✅ Connected to PostgreSQL
✅ Connected to PostgreSQL
✅ Connected to PostgreSQL
✅ Connected to PostgreSQL
✅ Connected to PostgreSQL
✅ Connected to PostgreSQL
✅ Connected to PostgreSQL
✅ Connected to PostgreSQL
✅ Connected to PostgreSQL
✅ Connected to PostgreSQL
✅ Connected to PostgreSQL
✅ Connected to PostgreSQL
✅ Connected to PostgreSQL
✅ Connected to PostgreSQL
✅ Connected to PostgreSQL
✅ Connected to PostgreSQL
✅ Connected to PostgreSQL
✅ Connected to PostgreSQL
✅ Connected to PostgreSQL
✅ Connected to PostgreSQL
✅ Connected to PostgreSQL
✅ Connected to PostgreSQL
✅ Connected to PostgreSQL
✅ Connected to PostgreSQL
✅ Connected to PostgreSQL
✅ Connected to PostgreSQL
✅ Connected to PostgreSQL
✅ Connected to PostgreSQL
✅ Connected to PostgreSQL
✅ Connected to PostgreSQL
✅ Connected to PostgreSQL
✅ Connected to PostgreSQL
✅ Connected to PostgreSQL
✅ Connected to PostgreSQL
✅ Connected to PostgreSQL
✅ Connected to PostgreSQL
✅ Connected to PostgreSQL
✅ Connected to PostgreSQL
✅ Connected to PostgreSQL
✅ Connected to PostgreSQL
✅ Connected to PostgreSQL
✅ Connected to PostgreSQL
✅ Connected to PostgreSQL
✅ Connected to PostgreSQL
✅ Connected to PostgreSQL
✅ Connected to PostgreSQL
✅ Connected to PostgreSQL
✅ Connected to PostgreSQL
✅ Connected to PostgreSQL
✅ Connected to PostgreSQL
✅ Connected to PostgreSQL
✅ Connected to PostgreSQL
✅ Connected to PostgreSQL
✅ Connected to PostgreSQL
✅ Connected to PostgreSQL
✅ Connected to PostgreSQL
✅ Connected to PostgreSQL
✅ Connected to PostgreSQL
✅ Connected to PostgreSQL
✅ Connected to PostgreSQL
✅ Connected to PostgreSQL
✅ Connected to PostgreSQL
✅ Connected to PostgreSQL
✅ Connected to PostgreSQL
✅ Connected to PostgreSQL
✅ Connected to PostgreSQL
✅ Connected to PostgreSQL
✅ Connected to PostgreSQL
✅ Connected to PostgreSQL
✅ Connected to PostgreSQL
✅ Connected to PostgreSQL
✅ Connected to PostgreSQL
✅ Connected to PostgreSQL
✅ Connected to PostgreSQL
✅ Connected to PostgreSQL
✅ Connected to PostgreSQL
✅ Connected to PostgreSQL
✅ Connected to PostgreSQL
✅ Connected to PostgreSQL
✅ Connected to PostgreSQL
✅ Connected to PostgreSQL
✅ Connected to PostgreSQL
✅ Connected to PostgreSQL
✅ Connected to PostgreSQL
✅ Connected to PostgreSQL
✅ Connected to PostgreSQL
✅ Connected to PostgreSQL
✅ Connected to PostgreSQL
✅ Connected to PostgreSQL
✅ Connected to PostgreSQL
✅ Connected to PostgreSQL
✅ Connected to PostgreSQL
✅ Connected to PostgreSQL
✅ Connected to PostgreSQL
✅ Connected to PostgreSQL
✅ Connected to PostgreSQL
✅ Connected to PostgreSQL
✅ Connected to PostgreSQL
✅ Connected to PostgreSQL
✅ Connected to PostgreSQL
